This file contains any messages produced by compilers while
running configure, to aid debugging if configure makes a mistake.

It was created by PCRE2 configure 10.30, which was
generated by GNU Autoconf 2.69.  Invocation command line was

  $ ./configure --disable-shared

## --------- ##
## Platform. ##
## --------- ##

hostname = ubuntu
uname -m = x86_64
uname -r = 3.19.0-80-generic
uname -s = Linux
uname -v = #88~14.04.1-Ubuntu SMP Fri Jan 13 14:54:07 UTC 2017

/usr/bin/uname -p = unknown
/bin/uname -X     = unknown

/bin/arch              = unknown
/usr/bin/arch -k       = unknown
/usr/convex/getsysinfo = unknown
/usr/bin/hostinfo      = unknown
/bin/machine           = unknown
/usr/bin/oslevel       = unknown
/bin/universe          = unknown

PATH: /home/scriptkid/.cargo/bin
PATH: /home/scriptkid/bin
PATH: /usr/local/sbin
PATH: /usr/local/bin
PATH: /usr/sbin
PATH: /usr/bin
PATH: /sbin
PATH: /bin
PATH: /usr/games
PATH: /usr/local/games


## ----------- ##
## Core tests. ##
## ----------- ##

configure:2549: checking for a BSD-compatible install
configure:2617: result: /usr/bin/install -c
configure:2628: checking whether build environment is sane
configure:2683: result: yes
configure:2834: checking for a thread-safe mkdir -p
configure:2873: result: /bin/mkdir -p
configure:2880: checking for gawk
configure:2910: result: no
configure:2880: checking for mawk
configure:2896: found /usr/bin/mawk
configure:2907: result: mawk
configure:2918: checking whether make sets $(MAKE)
configure:2940: result: yes
configure:2969: checking whether make supports nested variables
configure:2986: result: yes
configure:3123: checking whether make supports nested variables
configure:3140: result: yes
configure:3215: checking for gcc
configure:3242: result: afl-gcc
configure:3471: checking for C compiler version
configure:3480: afl-gcc --version >&5
gcc (Ubuntu 4.8.4-2ubuntu1~14.04.4) 4.8.4
Copyright (C) 2013 Free Software Foundation, Inc.
This is free software; see the source for copying conditions.  There is NO
warranty; not even for MERCHANTABILITY or FITNESS FOR A PARTICULAR PURPOSE.

configure:3491: $? = 0
configure:3480: afl-gcc -v >&5
Using built-in specs.
COLLECT_GCC=gcc
COLLECT_LTO_WRAPPER=/usr/lib/gcc/x86_64-linux-gnu/4.8/lto-wrapper
Target: x86_64-linux-gnu
Configured with: ../src/configure -v --with-pkgversion='Ubuntu 4.8.4-2ubuntu1~14.04.4' --with-bugurl=file:///usr/share/doc/gcc-4.8/README.Bugs --enable-languages=c,c++,java,go,d,fortran,objc,obj-c++ --prefix=/usr --program-suffix=-4.8 --enable-shared --enable-linker-build-id --libexecdir=/usr/lib --without-included-gettext --enable-threads=posix --with-gxx-include-dir=/usr/include/c++/4.8 --libdir=/usr/lib --enable-nls --with-sysroot=/ --enable-clocale=gnu --enable-libstdcxx-debug --enable-libstdcxx-time=yes --enable-gnu-unique-object --disable-libmudflap --enable-plugin --with-system-zlib --disable-browser-plugin --enable-java-awt=gtk --enable-gtk-cairo --with-java-home=/usr/lib/jvm/java-1.5.0-gcj-4.8-amd64/jre --enable-java-home --with-jvm-root-dir=/usr/lib/jvm/java-1.5.0-gcj-4.8-amd64 --with-jvm-jar-dir=/usr/lib/jvm-exports/java-1.5.0-gcj-4.8-amd64 --with-arch-directory=amd64 --with-ecj-jar=/usr/share/java/eclipse-ecj.jar --enable-objc-gc --enable-multiarch --disable-werror --with-arch-32=i686 --with-abi=m64 --with-multilib-list=m32,m64,mx32 --with-tune=generic --enable-checking=release --build=x86_64-linux-gnu --host=x86_64-linux-gnu --target=x86_64-linux-gnu
Thread model: posix
gcc version 4.8.4 (Ubuntu 4.8.4-2ubuntu1~14.04.4) 
configure:3491: $? = 0
configure:3480: afl-gcc -V >&5
gcc: error: unrecognized command line option '-V'
gcc: fatal error: no input files
compilation terminated.
configure:3491: $? = 4
configure:3480: afl-gcc -qversion >&5
gcc: error: unrecognized command line option '-qversion'
gcc: fatal error: no input files
compilation terminated.
configure:3491: $? = 4
configure:3511: checking whether the C compiler works
configure:3533: afl-gcc    conftest.c  >&5
configure:3537: $? = 0
configure:3585: result: yes
configure:3588: checking for C compiler default output file name
configure:3590: result: a.out
configure:3596: checking for suffix of executables
configure:3603: afl-gcc -o conftest    conftest.c  >&5
configure:3607: $? = 0
configure:3629: result: 
configure:3651: checking whether we are cross compiling
configure:3659: afl-gcc -o conftest    conftest.c  >&5
configure:3663: $? = 0
configure:3670: ./conftest
configure:3674: $? = 0
configure:3689: result: no
configure:3694: checking for suffix of object files
configure:3716: afl-gcc -c   conftest.c >&5
configure:3720: $? = 0
configure:3741: result: o
configure:3745: checking whether we are using the GNU C compiler
configure:3764: afl-gcc -c   conftest.c >&5
configure:3764: $? = 0
configure:3773: result: yes
configure:3782: checking whether afl-gcc accepts -g
configure:3802: afl-gcc -c -g  conftest.c >&5
configure:3802: $? = 0
configure:3843: result: yes
configure:3860: checking for afl-gcc option to accept ISO C89
configure:3923: afl-gcc  -c -g -O2  conftest.c >&5
configure:3923: $? = 0
configure:3936: result: none needed
configure:3961: checking whether afl-gcc understands -c and -o together
configure:3983: afl-gcc -c conftest.c -o conftest2.o
configure:3986: $? = 0
configure:3983: afl-gcc -c conftest.c -o conftest2.o
configure:3986: $? = 0
configure:3998: result: yes
configure:4026: checking for style of include used by make
configure:4054: result: GNU
configure:4080: checking dependency style of afl-gcc
configure:4191: result: gcc3
configure:4213: checking how to run the C preprocessor
configure:4244: afl-gcc -E  conftest.c
configure:4244: $? = 0
configure:4258: afl-gcc -E  conftest.c
conftest.c:11:28: fatal error: ac_nonexistent.h: No such file or directory
 #include <ac_nonexistent.h>
                            ^
compilation terminated.
configure:4258: $? = 1
configure: failed program was:
| /* confdefs.h */
| #define PACKAGE_NAME "PCRE2"
| #define PACKAGE_TARNAME "pcre2"
| #define PACKAGE_VERSION "10.30"
| #define PACKAGE_STRING "PCRE2 10.30"
| #define PACKAGE_BUGREPORT ""
| #define PACKAGE_URL ""
| #define PACKAGE "pcre2"
| #define VERSION "10.30"
| /* end confdefs.h.  */
| #include <ac_nonexistent.h>
configure:4283: result: afl-gcc -E
configure:4303: afl-gcc -E  conftest.c
configure:4303: $? = 0
configure:4317: afl-gcc -E  conftest.c
conftest.c:11:28: fatal error: ac_nonexistent.h: No such file or directory
 #include <ac_nonexistent.h>
                            ^
compilation terminated.
configure:4317: $? = 1
configure: failed program was:
| /* confdefs.h */
| #define PACKAGE_NAME "PCRE2"
| #define PACKAGE_TARNAME "pcre2"
| #define PACKAGE_VERSION "10.30"
| #define PACKAGE_STRING "PCRE2 10.30"
| #define PACKAGE_BUGREPORT ""
| #define PACKAGE_URL ""
| #define PACKAGE "pcre2"
| #define VERSION "10.30"
| /* end confdefs.h.  */
| #include <ac_nonexistent.h>
configure:4346: checking for grep that handles long lines and -e
configure:4404: result: /bin/grep
configure:4409: checking for egrep
configure:4471: result: /bin/grep -E
configure:4476: checking for ANSI C header files
configure:4496: afl-gcc -c -g -O2  conftest.c >&5
configure:4496: $? = 0
configure:4569: afl-gcc -o conftest -g -O2   conftest.c  >&5
configure:4569: $? = 0
configure:4569: ./conftest
configure:4569: $? = 0
configure:4580: result: yes
configure:4593: checking for sys/types.h
configure:4593: afl-gcc -c -g -O2  conftest.c >&5
configure:4593: $? = 0
configure:4593: result: yes
configure:4593: checking for sys/stat.h
configure:4593: afl-gcc -c -g -O2  conftest.c >&5
configure:4593: $? = 0
configure:4593: result: yes
configure:4593: checking for stdlib.h
configure:4593: afl-gcc -c -g -O2  conftest.c >&5
configure:4593: $? = 0
configure:4593: result: yes
configure:4593: checking for string.h
configure:4593: afl-gcc -c -g -O2  conftest.c >&5
configure:4593: $? = 0
configure:4593: result: yes
configure:4593: checking for memory.h
configure:4593: afl-gcc -c -g -O2  conftest.c >&5
configure:4593: $? = 0
configure:4593: result: yes
configure:4593: checking for strings.h
configure:4593: afl-gcc -c -g -O2  conftest.c >&5
configure:4593: $? = 0
configure:4593: result: yes
configure:4593: checking for inttypes.h
configure:4593: afl-gcc -c -g -O2  conftest.c >&5
configure:4593: $? = 0
configure:4593: result: yes
configure:4593: checking for stdint.h
configure:4593: afl-gcc -c -g -O2  conftest.c >&5
configure:4593: $? = 0
configure:4593: result: yes
configure:4593: checking for unistd.h
configure:4593: afl-gcc -c -g -O2  conftest.c >&5
configure:4593: $? = 0
configure:4593: result: yes
configure:4606: checking minix/config.h usability
configure:4606: afl-gcc -c -g -O2  conftest.c >&5
conftest.c:54:26: fatal error: minix/config.h: No such file or directory
 #include <minix/config.h>
                          ^
compilation terminated.
configure:4606: $? = 1
configure: failed program was:
| /* confdefs.h */
| #define PACKAGE_NAME "PCRE2"
| #define PACKAGE_TARNAME "pcre2"
| #define PACKAGE_VERSION "10.30"
| #define PACKAGE_STRING "PCRE2 10.30"
| #define PACKAGE_BUGREPORT ""
| #define PACKAGE_URL ""
| #define PACKAGE "pcre2"
| #define VERSION "10.30"
| #define STDC_HEADERS 1
| #define HAVE_SYS_TYPES_H 1
| #define HAVE_SYS_STAT_H 1
| #define HAVE_STDLIB_H 1
| #define HAVE_STRING_H 1
| #define HAVE_MEMORY_H 1
| #define HAVE_STRINGS_H 1
| #define HAVE_INTTYPES_H 1
| #define HAVE_STDINT_H 1
| #define HAVE_UNISTD_H 1
| /* end confdefs.h.  */
| #include <stdio.h>
| #ifdef HAVE_SYS_TYPES_H
| # include <sys/types.h>
| #endif
| #ifdef HAVE_SYS_STAT_H
| # include <sys/stat.h>
| #endif
| #ifdef STDC_HEADERS
| # include <stdlib.h>
| # include <stddef.h>
| #else
| # ifdef HAVE_STDLIB_H
| #  include <stdlib.h>
| # endif
| #endif
| #ifdef HAVE_STRING_H
| # if !defined STDC_HEADERS && defined HAVE_MEMORY_H
| #  include <memory.h>
| # endif
| # include <string.h>
| #endif
| #ifdef HAVE_STRINGS_H
| # include <strings.h>
| #endif
| #ifdef HAVE_INTTYPES_H
| # include <inttypes.h>
| #endif
| #ifdef HAVE_STDINT_H
| # include <stdint.h>
| #endif
| #ifdef HAVE_UNISTD_H
| # include <unistd.h>
| #endif
| #include <minix/config.h>
configure:4606: result: no
configure:4606: checking minix/config.h presence
configure:4606: afl-gcc -E  conftest.c
conftest.c:21:26: fatal error: minix/config.h: No such file or directory
 #include <minix/config.h>
                          ^
compilation terminated.
configure:4606: $? = 1
configure: failed program was:
| /* confdefs.h */
| #define PACKAGE_NAME "PCRE2"
| #define PACKAGE_TARNAME "pcre2"
| #define PACKAGE_VERSION "10.30"
| #define PACKAGE_STRING "PCRE2 10.30"
| #define PACKAGE_BUGREPORT ""
| #define PACKAGE_URL ""
| #define PACKAGE "pcre2"
| #define VERSION "10.30"
| #define STDC_HEADERS 1
| #define HAVE_SYS_TYPES_H 1
| #define HAVE_SYS_STAT_H 1
| #define HAVE_STDLIB_H 1
| #define HAVE_STRING_H 1
| #define HAVE_MEMORY_H 1
| #define HAVE_STRINGS_H 1
| #define HAVE_INTTYPES_H 1
| #define HAVE_STDINT_H 1
| #define HAVE_UNISTD_H 1
| /* end confdefs.h.  */
| #include <minix/config.h>
configure:4606: result: no
configure:4606: checking for minix/config.h
configure:4606: result: no
configure:4627: checking whether it is safe to define __EXTENSIONS__
configure:4645: afl-gcc -c -g -O2  conftest.c >&5
configure:4645: $? = 0
configure:4652: result: yes
configure:4728: checking for ar
configure:4744: found /usr/bin/ar
configure:4755: result: ar
configure:4781: checking the archiver (ar) interface
configure:4797: afl-gcc -c -O2  conftest.c >&5
configure:4797: $? = 0
configure:4799: ar cru libconftest.a conftest.o >&5
configure:4802: $? = 0
configure:4830: result: ar
configure:4852: checking for int64_t
configure:4852: afl-gcc -c -O2  conftest.c >&5
configure:4852: $? = 0
configure:4852: afl-gcc -c -O2  conftest.c >&5
conftest.c: In function 'main':
conftest.c:64:53: warning: integer overflow in expression [-Woverflow]
    < (int64_t) (((((int64_t) 1 << N) << N) - 1) * 2 + 2))];
                                                     ^
conftest.c:63:12: error: storage size of 'test_array' isn't constant
 static int test_array [1 - 2 * !((int64_t) (((((int64_t) 1 << N) << N) - 1) * 2 + 1)
            ^
configure:4852: $? = 1
configure: failed program was:
| /* confdefs.h */
| #define PACKAGE_NAME "PCRE2"
| #define PACKAGE_TARNAME "pcre2"
| #define PACKAGE_VERSION "10.30"
| #define PACKAGE_STRING "PCRE2 10.30"
| #define PACKAGE_BUGREPORT ""
| #define PACKAGE_URL ""
| #define PACKAGE "pcre2"
| #define VERSION "10.30"
| #define STDC_HEADERS 1
| #define HAVE_SYS_TYPES_H 1
| #define HAVE_SYS_STAT_H 1
| #define HAVE_STDLIB_H 1
| #define HAVE_STRING_H 1
| #define HAVE_MEMORY_H 1
| #define HAVE_STRINGS_H 1
| #define HAVE_INTTYPES_H 1
| #define HAVE_STDINT_H 1
| #define HAVE_UNISTD_H 1
| #define __EXTENSIONS__ 1
| #define _ALL_SOURCE 1
| #define _GNU_SOURCE 1
| #define _POSIX_PTHREAD_SEMANTICS 1
| #define _TANDEM_SOURCE 1
| /* end confdefs.h.  */
| #include <stdio.h>
| #ifdef HAVE_SYS_TYPES_H
| # include <sys/types.h>
| #endif
| #ifdef HAVE_SYS_STAT_H
| # include <sys/stat.h>
| #endif
| #ifdef STDC_HEADERS
| # include <stdlib.h>
| # include <stddef.h>
| #else
| # ifdef HAVE_STDLIB_H
| #  include <stdlib.h>
| # endif
| #endif
| #ifdef HAVE_STRING_H
| # if !defined STDC_HEADERS && defined HAVE_MEMORY_H
| #  include <memory.h>
| # endif
| # include <string.h>
| #endif
| #ifdef HAVE_STRINGS_H
| # include <strings.h>
| #endif
| #ifdef HAVE_INTTYPES_H
| # include <inttypes.h>
| #endif
| #ifdef HAVE_STDINT_H
| # include <stdint.h>
| #endif
| #ifdef HAVE_UNISTD_H
| # include <unistd.h>
| #endif
| 	        enum { N = 64 / 2 - 1 };
| int
| main ()
| {
| static int test_array [1 - 2 * !((int64_t) (((((int64_t) 1 << N) << N) - 1) * 2 + 1)
| 		 < (int64_t) (((((int64_t) 1 << N) << N) - 1) * 2 + 2))];
| test_array [0] = 0;
| return test_array [0];
| 
|   ;
|   return 0;
| }
configure:4852: result: yes
configure:4869: checking build system type
configure:4883: result: x86_64-pc-linux-gnu
configure:4903: checking host system type
configure:4916: result: x86_64-pc-linux-gnu
configure:5285: checking how to print strings
configure:5312: result: printf
configure:5333: checking for a sed that does not truncate output
configure:5397: result: /bin/sed
configure:5415: checking for fgrep
configure:5477: result: /bin/grep -F
configure:5512: checking for ld used by afl-gcc
configure:5579: result: /usr/bin/ld
configure:5586: checking if the linker (/usr/bin/ld) is GNU ld
configure:5601: result: yes
configure:5613: checking for BSD- or MS-compatible name lister (nm)
configure:5667: result: /usr/bin/nm -B
configure:5797: checking the name lister (/usr/bin/nm -B) interface
configure:5804: afl-gcc -c -O2  conftest.c >&5
configure:5807: /usr/bin/nm -B "conftest.o"
configure:5810: output
0000000000000000 B some_variable
configure:5817: result: BSD nm
configure:5820: checking whether ln -s works
configure:5824: result: yes
configure:5832: checking the maximum length of command line arguments
configure:5963: result: 1572864
configure:6011: checking how to convert x86_64-pc-linux-gnu file names to x86_64-pc-linux-gnu format
configure:6051: result: func_convert_file_noop
configure:6058: checking how to convert x86_64-pc-linux-gnu file names to toolchain format
configure:6078: result: func_convert_file_noop
configure:6085: checking for /usr/bin/ld option to reload object files
configure:6092: result: -r
configure:6166: checking for objdump
configure:6193: result: objdump
configure:6222: checking how to recognize dependent libraries
configure:6422: result: pass_all
configure:6507: checking for dlltool
configure:6534: result: dlltool
configure:6564: checking how to associate runtime and link libraries
configure:6591: result: printf %s\n
configure:6715: checking for archiver @FILE support
configure:6732: afl-gcc -c -O2  conftest.c >&5
configure:6732: $? = 0
configure:6735: ar cru libconftest.a @conftest.lst >&5
configure:6738: $? = 0
configure:6743: ar cru libconftest.a @conftest.lst >&5
ar: conftest.o: No such file or directory
configure:6746: $? = 1
configure:6758: result: @
configure:6816: checking for strip
configure:6832: found /usr/bin/strip
configure:6843: result: strip
configure:6915: checking for ranlib
configure:6931: found /usr/bin/ranlib
configure:6942: result: ranlib
configure:7044: checking command to parse /usr/bin/nm -B output from afl-gcc object
configure:7197: afl-gcc -c -O2  conftest.c >&5
configure:7200: $? = 0
configure:7204: /usr/bin/nm -B conftest.o \| sed -n -e 's/^.*[ ]\([ABCDGIRSTW][ABCDGIRSTW]*\)[ ][ ]*\([_A-Za-z][_A-Za-z0-9]*\)$/\1 \2 \2/p' | sed '/ __gnu_lto/d' \> conftest.nm
configure:7207: $? = 0
configure:7273: afl-gcc -o conftest -O2   conftest.c conftstm.o >&5
configure:7276: $? = 0
configure:7314: result: ok
configure:7361: checking for sysroot
configure:7391: result: no
configure:7398: checking for a working dd
configure:7436: result: /bin/dd
configure:7440: checking how to truncate binary pipes
configure:7455: result: /bin/dd bs=4096 count=1
configure:7591: afl-gcc -c -O2  conftest.c >&5
configure:7594: $? = 0
configure:7784: checking for mt
configure:7800: found /bin/mt
configure:7811: result: mt
configure:7834: checking if mt is a manifest tool
configure:7840: mt '-?'
configure:7848: result: no
configure:8522: checking for dlfcn.h
configure:8522: afl-gcc -c -O2  conftest.c >&5
configure:8522: $? = 0
configure:8522: result: yes
configure:8776: checking for objdir
configure:8791: result: .libs
configure:9055: checking if afl-gcc supports -fno-rtti -fno-exceptions
configure:9073: afl-gcc -c -O2  -fno-rtti -fno-exceptions conftest.c >&5
cc1: warning: command line option '-fno-rtti' is valid for C++/ObjC++ but not for C [enabled by default]
configure:9077: $? = 0
configure:9090: result: no
configure:9448: checking for afl-gcc option to produce PIC
configure:9455: result: -fPIC -DPIC
configure:9463: checking if afl-gcc PIC flag -fPIC -DPIC works
configure:9481: afl-gcc -c -O2  -fPIC -DPIC -DPIC conftest.c >&5
configure:9485: $? = 0
configure:9498: result: yes
configure:9527: checking if afl-gcc static flag -static works
configure:9555: result: yes
configure:9570: checking if afl-gcc supports -c -o file.o
configure:9591: afl-gcc -c -O2  -o out/conftest2.o conftest.c >&5
configure:9595: $? = 0
configure:9617: result: yes
configure:9625: checking if afl-gcc supports -c -o file.o
configure:9672: result: yes
configure:9705: checking whether the afl-gcc linker (/usr/bin/ld -m elf_x86_64) supports shared libraries
configure:10964: result: yes
configure:11204: checking dynamic linker characteristics
configure:11785: afl-gcc -o conftest -O2   -Wl,-rpath -Wl,/foo conftest.c  >&5
configure:11785: $? = 0
configure:12022: result: GNU/Linux ld.so
configure:12144: checking how to hardcode library paths into programs
configure:12169: result: immediate
configure:12717: checking whether stripping libraries is possible
configure:12722: result: yes
configure:12757: checking if libtool supports shared libraries
configure:12759: result: yes
configure:12762: checking whether to build shared libraries
configure:12787: result: no
configure:12790: checking whether to build static libraries
configure:12794: result: yes
configure:12831: checking whether ln -s works
configure:12835: result: yes
configure:12851: checking whether the -Werror option is usable
configure:12870: afl-gcc -c -O2 -Werror  conftest.c >&5
configure:12870: $? = 0
configure:12879: result: yes
configure:12881: checking for simple visibility declarations
configure:12908: afl-gcc -c -O2 -fvisibility=hidden -Werror  conftest.c >&5
configure:12908: $? = 0
configure:12917: result: yes
configure:13409: checking for ANSI C header files
configure:13513: result: yes
configure:13524: checking limits.h usability
configure:13524: afl-gcc -c -O2  conftest.c >&5
configure:13524: $? = 0
configure:13524: result: yes
configure:13524: checking limits.h presence
configure:13524: afl-gcc -E  conftest.c
configure:13524: $? = 0
configure:13524: result: yes
configure:13524: checking for limits.h
configure:13524: result: yes
configure:13524: checking for sys/types.h
configure:13524: result: yes
configure:13524: checking for sys/stat.h
configure:13524: result: yes
configure:13524: checking dirent.h usability
configure:13524: afl-gcc -c -O2  conftest.c >&5
configure:13524: $? = 0
configure:13524: result: yes
configure:13524: checking dirent.h presence
configure:13524: afl-gcc -E  conftest.c
configure:13524: $? = 0
configure:13524: result: yes
configure:13524: checking for dirent.h
configure:13524: result: yes
configure:13536: checking windows.h usability
configure:13536: afl-gcc -c -O2  conftest.c >&5
conftest.c:71:21: fatal error: windows.h: No such file or directory
 #include <windows.h>
                     ^
compilation terminated.
configure:13536: $? = 1
configure: failed program was:
| /* confdefs.h */
| #define PACKAGE_NAME "PCRE2"
| #define PACKAGE_TARNAME "pcre2"
| #define PACKAGE_VERSION "10.30"
| #define PACKAGE_STRING "PCRE2 10.30"
| #define PACKAGE_BUGREPORT ""
| #define PACKAGE_URL ""
| #define PACKAGE "pcre2"
| #define VERSION "10.30"
| #define STDC_HEADERS 1
| #define HAVE_SYS_TYPES_H 1
| #define HAVE_SYS_STAT_H 1
| #define HAVE_STDLIB_H 1
| #define HAVE_STRING_H 1
| #define HAVE_MEMORY_H 1
| #define HAVE_STRINGS_H 1
| #define HAVE_INTTYPES_H 1
| #define HAVE_STDINT_H 1
| #define HAVE_UNISTD_H 1
| #define __EXTENSIONS__ 1
| #define _ALL_SOURCE 1
| #define _GNU_SOURCE 1
| #define _POSIX_PTHREAD_SEMANTICS 1
| #define _TANDEM_SOURCE 1
| #define HAVE_DLFCN_H 1
| #define LT_OBJDIR ".libs/"
| #define PCRE2_EXP_DECL extern __attribute__ ((visibility ("default")))
| #define PCRE2_EXP_DEFN __attribute__ ((visibility ("default")))
| #define PCRE2POSIX_EXP_DECL extern __attribute__ ((visibility ("default")))
| #define PCRE2POSIX_EXP_DEFN extern __attribute__ ((visibility ("default")))
| #define HAVE_VISIBILITY 1
| #define STDC_HEADERS 1
| #define HAVE_LIMITS_H 1
| #define HAVE_SYS_TYPES_H 1
| #define HAVE_SYS_STAT_H 1
| #define HAVE_DIRENT_H 1
| /* end confdefs.h.  */
| #include <stdio.h>
| #ifdef HAVE_SYS_TYPES_H
| # include <sys/types.h>
| #endif
| #ifdef HAVE_SYS_STAT_H
| # include <sys/stat.h>
| #endif
| #ifdef STDC_HEADERS
| # include <stdlib.h>
| # include <stddef.h>
| #else
| # ifdef HAVE_STDLIB_H
| #  include <stdlib.h>
| # endif
| #endif
| #ifdef HAVE_STRING_H
| # if !defined STDC_HEADERS && defined HAVE_MEMORY_H
| #  include <memory.h>
| # endif
| # include <string.h>
| #endif
| #ifdef HAVE_STRINGS_H
| # include <strings.h>
| #endif
| #ifdef HAVE_INTTYPES_H
| # include <inttypes.h>
| #endif
| #ifdef HAVE_STDINT_H
| # include <stdint.h>
| #endif
| #ifdef HAVE_UNISTD_H
| # include <unistd.h>
| #endif
| #include <windows.h>
configure:13536: result: no
configure:13536: checking windows.h presence
configure:13536: afl-gcc -E  conftest.c
conftest.c:38:21: fatal error: windows.h: No such file or directory
 #include <windows.h>
                     ^
compilation terminated.
configure:13536: $? = 1
configure: failed program was:
| /* confdefs.h */
| #define PACKAGE_NAME "PCRE2"
| #define PACKAGE_TARNAME "pcre2"
| #define PACKAGE_VERSION "10.30"
| #define PACKAGE_STRING "PCRE2 10.30"
| #define PACKAGE_BUGREPORT ""
| #define PACKAGE_URL ""
| #define PACKAGE "pcre2"
| #define VERSION "10.30"
| #define STDC_HEADERS 1
| #define HAVE_SYS_TYPES_H 1
| #define HAVE_SYS_STAT_H 1
| #define HAVE_STDLIB_H 1
| #define HAVE_STRING_H 1
| #define HAVE_MEMORY_H 1
| #define HAVE_STRINGS_H 1
| #define HAVE_INTTYPES_H 1
| #define HAVE_STDINT_H 1
| #define HAVE_UNISTD_H 1
| #define __EXTENSIONS__ 1
| #define _ALL_SOURCE 1
| #define _GNU_SOURCE 1
| #define _POSIX_PTHREAD_SEMANTICS 1
| #define _TANDEM_SOURCE 1
| #define HAVE_DLFCN_H 1
| #define LT_OBJDIR ".libs/"
| #define PCRE2_EXP_DECL extern __attribute__ ((visibility ("default")))
| #define PCRE2_EXP_DEFN __attribute__ ((visibility ("default")))
| #define PCRE2POSIX_EXP_DECL extern __attribute__ ((visibility ("default")))
| #define PCRE2POSIX_EXP_DEFN extern __attribute__ ((visibility ("default")))
| #define HAVE_VISIBILITY 1
| #define STDC_HEADERS 1
| #define HAVE_LIMITS_H 1
| #define HAVE_SYS_TYPES_H 1
| #define HAVE_SYS_STAT_H 1
| #define HAVE_DIRENT_H 1
| /* end confdefs.h.  */
| #include <windows.h>
configure:13536: result: no
configure:13536: checking for windows.h
configure:13536: result: no
configure:13548: checking sys/wait.h usability
configure:13548: afl-gcc -c -O2  conftest.c >&5
configure:13548: $? = 0
configure:13548: result: yes
configure:13548: checking sys/wait.h presence
configure:13548: afl-gcc -E  conftest.c
configure:13548: $? = 0
configure:13548: result: yes
configure:13548: checking for sys/wait.h
configure:13548: result: yes
configure:13640: checking for an ANSI C-conforming const
configure:13706: afl-gcc -c -O2  conftest.c >&5
configure:13706: $? = 0
configure:13713: result: yes
configure:13721: checking for size_t
configure:13721: afl-gcc -c -O2  conftest.c >&5
configure:13721: $? = 0
configure:13721: afl-gcc -c -O2  conftest.c >&5
conftest.c: In function 'main':
conftest.c:75:21: error: expected expression before ')' token
 if (sizeof ((size_t)))
                     ^
configure:13721: $? = 1
configure: failed program was:
| /* confdefs.h */
| #define PACKAGE_NAME "PCRE2"
| #define PACKAGE_TARNAME "pcre2"
| #define PACKAGE_VERSION "10.30"
| #define PACKAGE_STRING "PCRE2 10.30"
| #define PACKAGE_BUGREPORT ""
| #define PACKAGE_URL ""
| #define PACKAGE "pcre2"
| #define VERSION "10.30"
| #define STDC_HEADERS 1
| #define HAVE_SYS_TYPES_H 1
| #define HAVE_SYS_STAT_H 1
| #define HAVE_STDLIB_H 1
| #define HAVE_STRING_H 1
| #define HAVE_MEMORY_H 1
| #define HAVE_STRINGS_H 1
| #define HAVE_INTTYPES_H 1
| #define HAVE_STDINT_H 1
| #define HAVE_UNISTD_H 1
| #define __EXTENSIONS__ 1
| #define _ALL_SOURCE 1
| #define _GNU_SOURCE 1
| #define _POSIX_PTHREAD_SEMANTICS 1
| #define _TANDEM_SOURCE 1
| #define HAVE_DLFCN_H 1
| #define LT_OBJDIR ".libs/"
| #define PCRE2_EXP_DECL extern __attribute__ ((visibility ("default")))
| #define PCRE2_EXP_DEFN __attribute__ ((visibility ("default")))
| #define PCRE2POSIX_EXP_DECL extern __attribute__ ((visibility ("default")))
| #define PCRE2POSIX_EXP_DEFN extern __attribute__ ((visibility ("default")))
| #define HAVE_VISIBILITY 1
| #define STDC_HEADERS 1
| #define HAVE_LIMITS_H 1
| #define HAVE_SYS_TYPES_H 1
| #define HAVE_SYS_STAT_H 1
| #define HAVE_DIRENT_H 1
| #define HAVE_SYS_WAIT_H 1
| /* end confdefs.h.  */
| #include <stdio.h>
| #ifdef HAVE_SYS_TYPES_H
| # include <sys/types.h>
| #endif
| #ifdef HAVE_SYS_STAT_H
| # include <sys/stat.h>
| #endif
| #ifdef STDC_HEADERS
| # include <stdlib.h>
| # include <stddef.h>
| #else
| # ifdef HAVE_STDLIB_H
| #  include <stdlib.h>
| # endif
| #endif
| #ifdef HAVE_STRING_H
| # if !defined STDC_HEADERS && defined HAVE_MEMORY_H
| #  include <memory.h>
| # endif
| # include <string.h>
| #endif
| #ifdef HAVE_STRINGS_H
| # include <strings.h>
| #endif
| #ifdef HAVE_INTTYPES_H
| # include <inttypes.h>
| #endif
| #ifdef HAVE_STDINT_H
| # include <stdint.h>
| #endif
| #ifdef HAVE_UNISTD_H
| # include <unistd.h>
| #endif
| int
| main ()
| {
| if (sizeof ((size_t)))
| 	    return 0;
|   ;
|   return 0;
| }
configure:13721: result: yes
configure:13738: checking for bcopy
configure:13738: afl-gcc -o conftest -O2   conftest.c  >&5
conftest.c:62:6: warning: conflicting types for built-in function 'bcopy' [enabled by default]
 char bcopy ();
      ^
configure:13738: $? = 0
configure:13738: result: yes
configure:13738: checking for memmove
configure:13738: afl-gcc -o conftest -O2   conftest.c  >&5
conftest.c:63:6: warning: conflicting types for built-in function 'memmove' [enabled by default]
 char memmove ();
      ^
configure:13738: $? = 0
configure:13738: result: yes
configure:13738: checking for strerror
configure:13738: afl-gcc -o conftest -O2   conftest.c  >&5
configure:13738: $? = 0
configure:13738: result: yes
configure:13738: checking for mkostemp
configure:13738: afl-gcc -o conftest -O2   conftest.c  >&5
configure:13738: $? = 0
configure:13738: result: yes
configure:13738: checking for secure_getenv
configure:13738: afl-gcc -o conftest -O2   conftest.c  >&5
configure:13738: $? = 0
configure:13738: result: yes
configure:13752: checking zlib.h usability
configure:13752: afl-gcc -c -O2  conftest.c >&5
configure:13752: $? = 0
configure:13752: result: yes
configure:13752: checking zlib.h presence
configure:13752: afl-gcc -E  conftest.c
configure:13752: $? = 0
configure:13752: result: yes
configure:13752: checking for zlib.h
configure:13752: result: yes
configure:13762: checking for gzopen in -lz
configure:13787: afl-gcc -o conftest -O2   conftest.c -lz   >&5
configure:13787: $? = 0
configure:13796: result: yes
configure:13821: checking bzlib.h usability
configure:13821: afl-gcc -c -O2  conftest.c >&5
conftest.c:78:19: fatal error: bzlib.h: No such file or directory
 #include <bzlib.h>
                   ^
compilation terminated.
configure:13821: $? = 1
configure: failed program was:
| /* confdefs.h */
| #define PACKAGE_NAME "PCRE2"
| #define PACKAGE_TARNAME "pcre2"
| #define PACKAGE_VERSION "10.30"
| #define PACKAGE_STRING "PCRE2 10.30"
| #define PACKAGE_BUGREPORT ""
| #define PACKAGE_URL ""
| #define PACKAGE "pcre2"
| #define VERSION "10.30"
| #define STDC_HEADERS 1
| #define HAVE_SYS_TYPES_H 1
| #define HAVE_SYS_STAT_H 1
| #define HAVE_STDLIB_H 1
| #define HAVE_STRING_H 1
| #define HAVE_MEMORY_H 1
| #define HAVE_STRINGS_H 1
| #define HAVE_INTTYPES_H 1
| #define HAVE_STDINT_H 1
| #define HAVE_UNISTD_H 1
| #define __EXTENSIONS__ 1
| #define _ALL_SOURCE 1
| #define _GNU_SOURCE 1
| #define _POSIX_PTHREAD_SEMANTICS 1
| #define _TANDEM_SOURCE 1
| #define HAVE_DLFCN_H 1
| #define LT_OBJDIR ".libs/"
| #define PCRE2_EXP_DECL extern __attribute__ ((visibility ("default")))
| #define PCRE2_EXP_DEFN __attribute__ ((visibility ("default")))
| #define PCRE2POSIX_EXP_DECL extern __attribute__ ((visibility ("default")))
| #define PCRE2POSIX_EXP_DEFN extern __attribute__ ((visibility ("default")))
| #define HAVE_VISIBILITY 1
| #define STDC_HEADERS 1
| #define HAVE_LIMITS_H 1
| #define HAVE_SYS_TYPES_H 1
| #define HAVE_SYS_STAT_H 1
| #define HAVE_DIRENT_H 1
| #define HAVE_SYS_WAIT_H 1
| #define HAVE_BCOPY 1
| #define HAVE_MEMMOVE 1
| #define HAVE_STRERROR 1
| #define HAVE_MKOSTEMP 1
| #define HAVE_SECURE_GETENV 1
| #define HAVE_ZLIB_H 1
| /* end confdefs.h.  */
| #include <stdio.h>
| #ifdef HAVE_SYS_TYPES_H
| # include <sys/types.h>
| #endif
| #ifdef HAVE_SYS_STAT_H
| # include <sys/stat.h>
| #endif
| #ifdef STDC_HEADERS
| # include <stdlib.h>
| # include <stddef.h>
| #else
| # ifdef HAVE_STDLIB_H
| #  include <stdlib.h>
| # endif
| #endif
| #ifdef HAVE_STRING_H
| # if !defined STDC_HEADERS && defined HAVE_MEMORY_H
| #  include <memory.h>
| # endif
| # include <string.h>
| #endif
| #ifdef HAVE_STRINGS_H
| # include <strings.h>
| #endif
| #ifdef HAVE_INTTYPES_H
| # include <inttypes.h>
| #endif
| #ifdef HAVE_STDINT_H
| # include <stdint.h>
| #endif
| #ifdef HAVE_UNISTD_H
| # include <unistd.h>
| #endif
| #include <bzlib.h>
configure:13821: result: no
configure:13821: checking bzlib.h presence
configure:13821: afl-gcc -E  conftest.c
conftest.c:45:19: fatal error: bzlib.h: No such file or directory
 #include <bzlib.h>
                   ^
compilation terminated.
configure:13821: $? = 1
configure: failed program was:
| /* confdefs.h */
| #define PACKAGE_NAME "PCRE2"
| #define PACKAGE_TARNAME "pcre2"
| #define PACKAGE_VERSION "10.30"
| #define PACKAGE_STRING "PCRE2 10.30"
| #define PACKAGE_BUGREPORT ""
| #define PACKAGE_URL ""
| #define PACKAGE "pcre2"
| #define VERSION "10.30"
| #define STDC_HEADERS 1
| #define HAVE_SYS_TYPES_H 1
| #define HAVE_SYS_STAT_H 1
| #define HAVE_STDLIB_H 1
| #define HAVE_STRING_H 1
| #define HAVE_MEMORY_H 1
| #define HAVE_STRINGS_H 1
| #define HAVE_INTTYPES_H 1
| #define HAVE_STDINT_H 1
| #define HAVE_UNISTD_H 1
| #define __EXTENSIONS__ 1
| #define _ALL_SOURCE 1
| #define _GNU_SOURCE 1
| #define _POSIX_PTHREAD_SEMANTICS 1
| #define _TANDEM_SOURCE 1
| #define HAVE_DLFCN_H 1
| #define LT_OBJDIR ".libs/"
| #define PCRE2_EXP_DECL extern __attribute__ ((visibility ("default")))
| #define PCRE2_EXP_DEFN __attribute__ ((visibility ("default")))
| #define PCRE2POSIX_EXP_DECL extern __attribute__ ((visibility ("default")))
| #define PCRE2POSIX_EXP_DEFN extern __attribute__ ((visibility ("default")))
| #define HAVE_VISIBILITY 1
| #define STDC_HEADERS 1
| #define HAVE_LIMITS_H 1
| #define HAVE_SYS_TYPES_H 1
| #define HAVE_SYS_STAT_H 1
| #define HAVE_DIRENT_H 1
| #define HAVE_SYS_WAIT_H 1
| #define HAVE_BCOPY 1
| #define HAVE_MEMMOVE 1
| #define HAVE_STRERROR 1
| #define HAVE_MKOSTEMP 1
| #define HAVE_SECURE_GETENV 1
| #define HAVE_ZLIB_H 1
| /* end confdefs.h.  */
| #include <bzlib.h>
configure:13821: result: no
configure:13821: checking for bzlib.h
configure:13821: result: no
configure:13836: checking for libbz2
configure:13854: afl-gcc -o conftest -O2   conftest.c  -lbz2 >&5
/usr/bin/ld: cannot find -lbz2
collect2: error: ld returned 1 exit status
configure:13854: $? = 1
configure: failed program was:
| /* confdefs.h */
| #define PACKAGE_NAME "PCRE2"
| #define PACKAGE_TARNAME "pcre2"
| #define PACKAGE_VERSION "10.30"
| #define PACKAGE_STRING "PCRE2 10.30"
| #define PACKAGE_BUGREPORT ""
| #define PACKAGE_URL ""
| #define PACKAGE "pcre2"
| #define VERSION "10.30"
| #define STDC_HEADERS 1
| #define HAVE_SYS_TYPES_H 1
| #define HAVE_SYS_STAT_H 1
| #define HAVE_STDLIB_H 1
| #define HAVE_STRING_H 1
| #define HAVE_MEMORY_H 1
| #define HAVE_STRINGS_H 1
| #define HAVE_INTTYPES_H 1
| #define HAVE_STDINT_H 1
| #define HAVE_UNISTD_H 1
| #define __EXTENSIONS__ 1
| #define _ALL_SOURCE 1
| #define _GNU_SOURCE 1
| #define _POSIX_PTHREAD_SEMANTICS 1
| #define _TANDEM_SOURCE 1
| #define HAVE_DLFCN_H 1
| #define LT_OBJDIR ".libs/"
| #define PCRE2_EXP_DECL extern __attribute__ ((visibility ("default")))
| #define PCRE2_EXP_DEFN __attribute__ ((visibility ("default")))
| #define PCRE2POSIX_EXP_DECL extern __attribute__ ((visibility ("default")))
| #define PCRE2POSIX_EXP_DEFN extern __attribute__ ((visibility ("default")))
| #define HAVE_VISIBILITY 1
| #define STDC_HEADERS 1
| #define HAVE_LIMITS_H 1
| #define HAVE_SYS_TYPES_H 1
| #define HAVE_SYS_STAT_H 1
| #define HAVE_DIRENT_H 1
| #define HAVE_SYS_WAIT_H 1
| #define HAVE_BCOPY 1
| #define HAVE_MEMMOVE 1
| #define HAVE_STRERROR 1
| #define HAVE_MKOSTEMP 1
| #define HAVE_SECURE_GETENV 1
| #define HAVE_ZLIB_H 1
| /* end confdefs.h.  */
| 
| #ifdef HAVE_BZLIB_H
| #include <bzlib.h>
| #endif
| int
| main ()
| {
| return (int)BZ2_bzopen("conftest", "rb");
|   ;
|   return 0;
| }
configure:13858: result: no
configure:15470: checking that generated files are newer than configure
configure:15476: result: done
configure:15539: creating ./config.status

## ---------------------- ##
## Running config.status. ##
## ---------------------- ##

This file was extended by PCRE2 config.status 10.30, which was
generated by GNU Autoconf 2.69.  Invocation command line was

  CONFIG_FILES    = 
  CONFIG_HEADERS  = 
  CONFIG_LINKS    = 
  CONFIG_COMMANDS = 
  $ ./config.status 

on ubuntu

config.status:1183: creating Makefile
config.status:1183: creating libpcre2-8.pc
config.status:1183: creating libpcre2-16.pc
config.status:1183: creating libpcre2-32.pc
config.status:1183: creating libpcre2-posix.pc
config.status:1183: creating pcre2-config
config.status:1183: creating src/pcre2.h
config.status:1183: creating src/config.h
config.status:1412: executing depfiles commands
config.status:1412: executing libtool commands
config.status:1412: executing script-chmod commands
config.status:1412: executing delete-old-chartables commands

## ---------------- ##
## Cache variables. ##
## ---------------- ##

ac_cv_build=x86_64-pc-linux-gnu
ac_cv_c_compiler_gnu=yes
ac_cv_c_const=yes
ac_cv_c_int64_t=yes
ac_cv_env_CC_set=set
ac_cv_env_CC_value=afl-gcc
ac_cv_env_CFLAGS_set=
ac_cv_env_CFLAGS_value=
ac_cv_env_CPPFLAGS_set=
ac_cv_env_CPPFLAGS_value=
ac_cv_env_CPP_set=
ac_cv_env_CPP_value=
ac_cv_env_GENHTML_set=
ac_cv_env_GENHTML_value=
ac_cv_env_LCOV_set=
ac_cv_env_LCOV_value=
ac_cv_env_LDFLAGS_set=
ac_cv_env_LDFLAGS_value=
ac_cv_env_LIBS_set=
ac_cv_env_LIBS_value=
ac_cv_env_LT_SYS_LIBRARY_PATH_set=
ac_cv_env_LT_SYS_LIBRARY_PATH_value=
ac_cv_env_PKG_CONFIG_LIBDIR_set=
ac_cv_env_PKG_CONFIG_LIBDIR_value=
ac_cv_env_PKG_CONFIG_PATH_set=
ac_cv_env_PKG_CONFIG_PATH_value=
ac_cv_env_PKG_CONFIG_set=
ac_cv_env_PKG_CONFIG_value=
ac_cv_env_VALGRIND_CFLAGS_set=
ac_cv_env_VALGRIND_CFLAGS_value=
ac_cv_env_VALGRIND_LIBS_set=
ac_cv_env_VALGRIND_LIBS_value=
ac_cv_env_build_alias_set=
ac_cv_env_build_alias_value=
ac_cv_env_host_alias_set=
ac_cv_env_host_alias_value=
ac_cv_env_target_alias_set=
ac_cv_env_target_alias_value=
ac_cv_func_bcopy=yes
ac_cv_func_memmove=yes
ac_cv_func_mkostemp=yes
ac_cv_func_secure_getenv=yes
ac_cv_func_strerror=yes
ac_cv_header_bzlib_h=no
ac_cv_header_dirent_h=yes
ac_cv_header_dlfcn_h=yes
ac_cv_header_inttypes_h=yes
ac_cv_header_limits_h=yes
ac_cv_header_memory_h=yes
ac_cv_header_minix_config_h=no
ac_cv_header_stdc=yes
ac_cv_header_stdint_h=yes
ac_cv_header_stdlib_h=yes
ac_cv_header_string_h=yes
ac_cv_header_strings_h=yes
ac_cv_header_sys_stat_h=yes
ac_cv_header_sys_types_h=yes
ac_cv_header_sys_wait_h=yes
ac_cv_header_unistd_h=yes
ac_cv_header_windows_h=no
ac_cv_header_zlib_h=yes
ac_cv_host=x86_64-pc-linux-gnu
ac_cv_lib_z_gzopen=yes
ac_cv_objext=o
ac_cv_path_EGREP='/bin/grep -E'
ac_cv_path_FGREP='/bin/grep -F'
ac_cv_path_GREP=/bin/grep
ac_cv_path_SED=/bin/sed
ac_cv_path_install='/usr/bin/install -c'
ac_cv_path_lt_DD=/bin/dd
ac_cv_path_mkdir=/bin/mkdir
ac_cv_prog_AWK=mawk
ac_cv_prog_CPP='afl-gcc -E'
ac_cv_prog_ac_ct_AR=ar
ac_cv_prog_ac_ct_CC=afl-gcc
ac_cv_prog_ac_ct_DLLTOOL=dlltool
ac_cv_prog_ac_ct_MANIFEST_TOOL=mt
ac_cv_prog_ac_ct_OBJDUMP=objdump
ac_cv_prog_ac_ct_RANLIB=ranlib
ac_cv_prog_ac_ct_STRIP=strip
ac_cv_prog_cc_c89=
ac_cv_prog_cc_g=yes
ac_cv_prog_make_make_set=yes
ac_cv_safe_to_define___extensions__=yes
ac_cv_type_size_t=yes
am_cv_CC_dependencies_compiler_type=gcc3
am_cv_ar_interface=ar
am_cv_make_support_nested_variables=yes
am_cv_prog_cc_c_o=yes
lt_cv_ar_at_file=@
lt_cv_deplibs_check_method=pass_all
lt_cv_file_magic_cmd='$MAGIC_CMD'
lt_cv_file_magic_test_file=
lt_cv_ld_reload_flag=-r
lt_cv_nm_interface='BSD nm'
lt_cv_objdir=.libs
lt_cv_path_LD=/usr/bin/ld
lt_cv_path_NM='/usr/bin/nm -B'
lt_cv_path_mainfest_tool=no
lt_cv_prog_compiler_c_o=yes
lt_cv_prog_compiler_pic='-fPIC -DPIC'
lt_cv_prog_compiler_pic_works=yes
lt_cv_prog_compiler_rtti_exceptions=no
lt_cv_prog_compiler_static_works=yes
lt_cv_prog_gnu_ld=yes
lt_cv_sharedlib_from_linklib_cmd='printf %s\n'
lt_cv_shlibpath_overrides_runpath=no
lt_cv_sys_global_symbol_pipe='sed -n -e '\''s/^.*[	 ]\([ABCDGIRSTW][ABCDGIRSTW]*\)[	 ][	 ]*\([_A-Za-z][_A-Za-z0-9]*\)$/\1 \2 \2/p'\'' | sed '\''/ __gnu_lto/d'\'''
lt_cv_sys_global_symbol_to_c_name_address='sed -n -e '\''s/^: \(.*\) .*$/  {"\1", (void *) 0},/p'\'' -e '\''s/^[ABCDGIRSTW][ABCDGIRSTW]* .* \(.*\)$/  {"\1", (void *) \&\1},/p'\'''
lt_cv_sys_global_symbol_to_c_name_address_lib_prefix='sed -n -e '\''s/^: \(.*\) .*$/  {"\1", (void *) 0},/p'\'' -e '\''s/^[ABCDGIRSTW][ABCDGIRSTW]* .* \(lib.*\)$/  {"\1", (void *) \&\1},/p'\'' -e '\''s/^[ABCDGIRSTW][ABCDGIRSTW]* .* \(.*\)$/  {"lib\1", (void *) \&\1},/p'\'''
lt_cv_sys_global_symbol_to_cdecl='sed -n -e '\''s/^T .* \(.*\)$/extern int \1();/p'\'' -e '\''s/^[ABCDGIRSTW][ABCDGIRSTW]* .* \(.*\)$/extern char \1;/p'\'''
lt_cv_sys_global_symbol_to_import=
lt_cv_sys_max_cmd_len=1572864
lt_cv_to_host_file_cmd=func_convert_file_noop
lt_cv_to_tool_file_cmd=func_convert_file_noop
lt_cv_truncate_bin='/bin/dd bs=4096 count=1'
pcre2_cv_cc_vis_werror=yes
pcre2_cv_cc_visibility=yes

## ----------------- ##
## Output variables. ##
## ----------------- ##

ACLOCAL='${SHELL} /home/scriptkid/Downloads/opensourceSW/CrashMan_fuzzingDockerfile/pcre2/pcre2-10.30/missing aclocal-1.15'
AMDEPBACKSLASH='\'
AMDEP_FALSE='#'
AMDEP_TRUE=''
AMTAR='$${TAR-tar}'
AM_BACKSLASH='\'
AM_DEFAULT_V='$(AM_DEFAULT_VERBOSITY)'
AM_DEFAULT_VERBOSITY='0'
AM_V='$(V)'
AR='ar'
AS='as'
AUTOCONF='${SHELL} /home/scriptkid/Downloads/opensourceSW/CrashMan_fuzzingDockerfile/pcre2/pcre2-10.30/missing autoconf'
AUTOHEADER='${SHELL} /home/scriptkid/Downloads/opensourceSW/CrashMan_fuzzingDockerfile/pcre2/pcre2-10.30/missing autoheader'
AUTOMAKE='${SHELL} /home/scriptkid/Downloads/opensourceSW/CrashMan_fuzzingDockerfile/pcre2/pcre2-10.30/missing automake-1.15'
AWK='mawk'
CC='afl-gcc'
CCDEPMODE='depmode=gcc3'
CFLAGS='-O2'
CPP='afl-gcc -E'
CPPFLAGS=''
CYGPATH_W='echo'
DEFS='-DHAVE_CONFIG_H'
DEPDIR='.deps'
DISTCHECK_CONFIGURE_FLAGS='CFLAGS='\'''\'' CXXFLAGS='\'''\'' --enable-pcre2-16 --enable-pcre2-32 --enable-jit --enable-utf'
DLLTOOL='dlltool'
DSYMUTIL=''
DUMPBIN=''
ECHO_C=''
ECHO_N='-n'
ECHO_T=''
EGREP='/bin/grep -E'
EXEEXT=''
EXTRA_LIBPCRE2_16_LDFLAGS='    -version-info 6:0:6'
EXTRA_LIBPCRE2_32_LDFLAGS='    -version-info 6:0:6'
EXTRA_LIBPCRE2_8_LDFLAGS='    -version-info 6:0:6'
EXTRA_LIBPCRE2_POSIX_LDFLAGS='    -version-info 2:0:0'
FGREP='/bin/grep -F'
GCOV_CFLAGS=''
GCOV_CXXFLAGS=''
GCOV_LIBS=''
GENHTML=''
GREP='/bin/grep'
HAVE_VISIBILITY='1'
INSTALL_DATA='${INSTALL} -m 644'
INSTALL_PROGRAM='${INSTALL}'
INSTALL_SCRIPT='${INSTALL}'
INSTALL_STRIP_PROGRAM='$(install_sh) -c -s'
LCOV=''
LD='/usr/bin/ld -m elf_x86_64'
LDFLAGS=''
LIBBZ2=''
LIBOBJS=''
LIBREADLINE=''
LIBS=''
LIBTOOL='$(SHELL) $(top_builddir)/libtool'
LIBZ=''
LIPO=''
LN_S='ln -s'
LTLIBOBJS=''
LT_SYS_LIBRARY_PATH=''
MAKEINFO='${SHELL} /home/scriptkid/Downloads/opensourceSW/CrashMan_fuzzingDockerfile/pcre2/pcre2-10.30/missing makeinfo'
MANIFEST_TOOL=':'
MKDIR_P='/bin/mkdir -p'
NM='/usr/bin/nm -B'
NMEDIT=''
OBJDUMP='objdump'
OBJEXT='o'
OTOOL64=''
OTOOL=''
PACKAGE='pcre2'
PACKAGE_BUGREPORT=''
PACKAGE_NAME='PCRE2'
PACKAGE_STRING='PCRE2 10.30'
PACKAGE_TARNAME='pcre2'
PACKAGE_URL=''
PACKAGE_VERSION='10.30'
PATH_SEPARATOR=':'
PCRE2_DATE='2017-08-14'
PCRE2_MAJOR='10'
PCRE2_MINOR='30'
PCRE2_PRERELEASE=''
PCRE2_STATIC_CFLAG='-DPCRE2_STATIC'
PKG_CONFIG=''
PKG_CONFIG_LIBDIR=''
PKG_CONFIG_PATH=''
PTHREAD_CC=''
PTHREAD_CFLAGS=''
PTHREAD_LIBS=''
RANLIB='ranlib'
SED='/bin/sed'
SET_MAKE=''
SHELL='/bin/bash'
SHTOOL=''
STRIP='strip'
VALGRIND_CFLAGS=''
VALGRIND_LIBS=''
VERSION='10.30'
VISIBILITY_CFLAGS='-fvisibility=hidden'
VISIBILITY_CXXFLAGS='-fvisibility=hidden -fvisibility-inlines-hidden'
WITH_DEBUG_FALSE=''
WITH_DEBUG_TRUE='#'
WITH_FUZZ_SUPPORT_FALSE=''
WITH_FUZZ_SUPPORT_TRUE='#'
WITH_GCOV_FALSE=''
WITH_GCOV_TRUE='#'
WITH_JIT_FALSE=''
WITH_JIT_TRUE='#'
WITH_PCRE2_16_FALSE=''
WITH_PCRE2_16_TRUE='#'
WITH_PCRE2_32_FALSE=''
WITH_PCRE2_32_TRUE='#'
WITH_PCRE2_8_FALSE='#'
WITH_PCRE2_8_TRUE=''
WITH_REBUILD_CHARTABLES_FALSE=''
WITH_REBUILD_CHARTABLES_TRUE='#'
WITH_UNICODE_FALSE='#'
WITH_UNICODE_TRUE=''
WITH_VALGRIND_FALSE=''
WITH_VALGRIND_TRUE='#'
ac_ct_AR='ar'
ac_ct_CC='afl-gcc'
ac_ct_DUMPBIN=''
am__EXEEXT_FALSE=''
am__EXEEXT_TRUE='#'
am__fastdepCC_FALSE='#'
am__fastdepCC_TRUE=''
am__include='include'
am__isrc=''
am__leading_dot='.'
am__nodep='_no'
am__quote=''
am__tar='$${TAR-tar} chof - "$$tardir"'
am__untar='$${TAR-tar} xf -'
ax_pthread_config=''
bindir='${exec_prefix}/bin'
build='x86_64-pc-linux-gnu'
build_alias=''
build_cpu='x86_64'
build_os='linux-gnu'
build_vendor='pc'
datadir='${datarootdir}'
datarootdir='${prefix}/share'
docdir='${datarootdir}/doc/${PACKAGE_TARNAME}'
dvidir='${docdir}'
enable_pcre2_16='no'
enable_pcre2_32='no'
enable_pcre2_8='yes'
exec_prefix='${prefix}'
host='x86_64-pc-linux-gnu'
host_alias=''
host_cpu='x86_64'
host_os='linux-gnu'
host_vendor='pc'
htmldir='${docdir}/html'
includedir='${prefix}/include'
infodir='${datarootdir}/info'
install_sh='${SHELL} /home/scriptkid/Downloads/opensourceSW/CrashMan_fuzzingDockerfile/pcre2/pcre2-10.30/install-sh'
libdir='${exec_prefix}/lib'
libexecdir='${exec_prefix}/libexec'
localedir='${datarootdir}/locale'
localstatedir='${prefix}/var'
mandir='${datarootdir}/man'
mkdir_p='$(MKDIR_P)'
oldincludedir='/usr/include'
pdfdir='${docdir}'
prefix='/usr/local'
program_transform_name='s,x,x,'
psdir='${docdir}'
sbindir='${exec_prefix}/sbin'
sharedstatedir='${prefix}/com'
sysconfdir='${prefix}/etc'
target_alias=''

## ----------- ##
## confdefs.h. ##
## ----------- ##

/* confdefs.h */
#define PACKAGE_NAME "PCRE2"
#define PACKAGE_TARNAME "pcre2"
#define PACKAGE_VERSION "10.30"
#define PACKAGE_STRING "PCRE2 10.30"
#define PACKAGE_BUGREPORT ""
#define PACKAGE_URL ""
#define PACKAGE "pcre2"
#define VERSION "10.30"
#define STDC_HEADERS 1
#define HAVE_SYS_TYPES_H 1
#define HAVE_SYS_STAT_H 1
#define HAVE_STDLIB_H 1
#define HAVE_STRING_H 1
#define HAVE_MEMORY_H 1
#define HAVE_STRINGS_H 1
#define HAVE_INTTYPES_H 1
#define HAVE_STDINT_H 1
#define HAVE_UNISTD_H 1
#define __EXTENSIONS__ 1
#define _ALL_SOURCE 1
#define _GNU_SOURCE 1
#define _POSIX_PTHREAD_SEMANTICS 1
#define _TANDEM_SOURCE 1
#define HAVE_DLFCN_H 1
#define LT_OBJDIR ".libs/"
#define PCRE2_EXP_DECL extern __attribute__ ((visibility ("default")))
#define PCRE2_EXP_DEFN __attribute__ ((visibility ("default")))
#define PCRE2POSIX_EXP_DECL extern __attribute__ ((visibility ("default")))
#define PCRE2POSIX_EXP_DEFN extern __attribute__ ((visibility ("default")))
#define HAVE_VISIBILITY 1
#define STDC_HEADERS 1
#define HAVE_LIMITS_H 1
#define HAVE_SYS_TYPES_H 1
#define HAVE_SYS_STAT_H 1
#define HAVE_DIRENT_H 1
#define HAVE_SYS_WAIT_H 1
#define HAVE_BCOPY 1
#define HAVE_MEMMOVE 1
#define HAVE_STRERROR 1
#define HAVE_MKOSTEMP 1
#define HAVE_SECURE_GETENV 1
#define HAVE_ZLIB_H 1
#define PCRE2_STATIC 1
#define SUPPORT_PCRE2_8 /**/
#define SUPPORT_PCRE2GREP_CALLOUT /**/
#define SUPPORT_UNICODE /**/
#define PCRE2GREP_BUFSIZE 20480
#define PCRE2GREP_MAX_BUFSIZE 1048576
#define NEWLINE_DEFAULT 2
#define LINK_SIZE 2
#define PARENS_NEST_LIMIT 250
#define MATCH_LIMIT 10000000
#define MATCH_LIMIT_DEPTH MATCH_LIMIT
#define HEAP_LIMIT 20000000
#define MAX_NAME_SIZE 32
#define MAX_NAME_COUNT 10000

configure: exit 0
